
> douban-random-highlights@0.1.0 build
> next build

▲ Next.js 16.2.6 (Turbopack)

  Creating an optimized production build ...
✓ Compiled successfully in 6.4s
  Running TypeScript ...
  Finished TypeScript in 3.5s ...
  Collecting page data using 10 workers ...
  Generating static pages using 10 workers (0/9) ...
  Generating static pages using 10 workers (2/9) 
  Generating static pages using 10 workers (4/9) 
  Generating static pages using 10 workers (6/9) 
✓ Generating static pages using 10 workers (9/9) in 791ms
  Finalizing page optimization ...

Route (app)
┌ ○ /
├ ○ /_not-found
├ ƒ /api/image
├ ƒ /api/movie
├ ƒ /api/movie/stream
├ ƒ /api/wishlist
└ ƒ /api/wishlist/stream


○  (Static)   prerendered as static content
ƒ  (Dynamic)  server-rendered on demand

